0 info it worked if it ends with ok
1 verbose cli [
1 verbose cli   'C:\\Program Files\\nodejs\\node.exe',
1 verbose cli   'C:\\Users\\10213\\node_modules\\npm\\bin\\npm-cli.js',
1 verbose cli   'start'
1 verbose cli ]
2 info using npm@2.15.12
3 info using node@v16.13.2
4 verbose run-script [ 'prestart', 'start', 'poststart' ]
5 info prestart group_work@1.0.0
6 info start group_work@1.0.0
7 verbose unsafe-perm in lifecycle true
8 info group_work@1.0.0 Failed to exec start script
9 verbose stack Error: group_work@1.0.0 start: `set PORT=3030 && nodemon server.js`
9 verbose stack Exit status 1
9 verbose stack     at EventEmitter.<anonymous> (C:\Users\10213\node_modules\npm\lib\utils\lifecycle.js:217:16)
9 verbose stack     at EventEmitter.emit (node:events:390:28)
9 verbose stack     at ChildProcess.<anonymous> (C:\Users\10213\node_modules\npm\lib\utils\spawn.js:24:14)
9 verbose stack     at ChildProcess.emit (node:events:390:28)
9 verbose stack     at maybeClose (node:internal/child_process:1064:16)
9 verbose stack     at Process.ChildProcess._handle.onexit (node:internal/child_process:301:5)
10 verbose pkgid group_work@1.0.0
11 verbose cwd C:\Users\10213\Fitness-Food
12 error Windows_NT 10.0.19042
13 error argv "C:\\Program Files\\nodejs\\node.exe" "C:\\Users\\10213\\node_modules\\npm\\bin\\npm-cli.js" "start"
14 error node v16.13.2
15 error npm  v2.15.12
16 error code ELIFECYCLE
17 error group_work@1.0.0 start: `set PORT=3030 && nodemon server.js`
17 error Exit status 1
18 error Failed at the group_work@1.0.0 start script 'set PORT=3030 && nodemon server.js'.
18 error This is most likely a problem with the group_work package,
18 error not with npm itself.
18 error Tell the author that this fails on your system:
18 error     set PORT=3030 && nodemon server.js
18 error You can get information on how to open an issue for this project with:
18 error     npm bugs group_work
18 error Or if that isn't available, you can get their info via:
18 error
18 error     npm owner ls group_work
18 error There is likely additional logging output above.
19 verbose exit [ 1, true ]
